  DBoperate.cpp
d:\la\c++\大一下\选课系统数据库(流畅负责)\选课系统数据库\dboperate.cpp(238): warning C4267: “初始化”: 从“size_t”转换到“int”，可能丢失数据
d:\la\c++\大一下\选课系统数据库(流畅负责)\选课系统数据库\dboperate.cpp(240): error C4996: 'std::basic_string<char,std::char_traits<char>,std::allocator<char>>::copy': Call to 'std::basic_string::copy' with parameters that may be unsafe - this call relies on the caller to check that the passed values are correct. To disable this warning, use -D_SCL_SECURE_NO_WARNINGS. See documentation on how to use Visual C++ 'Checked Iterators'
  d:\program files\microsoft visual studio\2017\community\vc\tools\msvc\14.14.26428\include\xstring(3348): note: 参见“std::basic_string<char,std::char_traits<char>,std::allocator<char>>::copy”的声明
d:\la\c++\大一下\选课系统数据库(流畅负责)\选课系统数据库\dboperate.cpp(278): warning C4267: “初始化”: 从“size_t”转换到“int”，可能丢失数据
d:\la\c++\大一下\选课系统数据库(流畅负责)\选课系统数据库\dboperate.cpp(283): warning C4267: “=”: 从“size_t”转换到“int”，可能丢失数据
d:\la\c++\大一下\选课系统数据库(流畅负责)\选课系统数据库\dboperate.cpp(288): warning C4267: “=”: 从“size_t”转换到“int”，可能丢失数据
d:\la\c++\大一下\选课系统数据库(流畅负责)\选课系统数据库\dboperate.cpp(280): error C4996: 'std::basic_string<char,std::char_traits<char>,std::allocator<char>>::copy': Call to 'std::basic_string::copy' with parameters that may be unsafe - this call relies on the caller to check that the passed values are correct. To disable this warning, use -D_SCL_SECURE_NO_WARNINGS. See documentation on how to use Visual C++ 'Checked Iterators'
  d:\program files\microsoft visual studio\2017\community\vc\tools\msvc\14.14.26428\include\xstring(3348): note: 参见“std::basic_string<char,std::char_traits<char>,std::allocator<char>>::copy”的声明
d:\la\c++\大一下\选课系统数据库(流畅负责)\选课系统数据库\dboperate.cpp(285): error C4996: 'std::basic_string<char,std::char_traits<char>,std::allocator<char>>::copy': Call to 'std::basic_string::copy' with parameters that may be unsafe - this call relies on the caller to check that the passed values are correct. To disable this warning, use -D_SCL_SECURE_NO_WARNINGS. See documentation on how to use Visual C++ 'Checked Iterators'
  d:\program files\microsoft visual studio\2017\community\vc\tools\msvc\14.14.26428\include\xstring(3348): note: 参见“std::basic_string<char,std::char_traits<char>,std::allocator<char>>::copy”的声明
d:\la\c++\大一下\选课系统数据库(流畅负责)\选课系统数据库\dboperate.cpp(290): error C4996: 'std::basic_string<char,std::char_traits<char>,std::allocator<char>>::copy': Call to 'std::basic_string::copy' with parameters that may be unsafe - this call relies on the caller to check that the passed values are correct. To disable this warning, use -D_SCL_SECURE_NO_WARNINGS. See documentation on how to use Visual C++ 'Checked Iterators'
  d:\program files\microsoft visual studio\2017\community\vc\tools\msvc\14.14.26428\include\xstring(3348): note: 参见“std::basic_string<char,std::char_traits<char>,std::allocator<char>>::copy”的声明
d:\la\c++\大一下\选课系统数据库(流畅负责)\选课系统数据库\dboperate.cpp(322): warning C4267: “初始化”: 从“size_t”转换到“int”，可能丢失数据
d:\la\c++\大一下\选课系统数据库(流畅负责)\选课系统数据库\dboperate.cpp(324): error C4996: 'std::basic_string<char,std::char_traits<char>,std::allocator<char>>::copy': Call to 'std::basic_string::copy' with parameters that may be unsafe - this call relies on the caller to check that the passed values are correct. To disable this warning, use -D_SCL_SECURE_NO_WARNINGS. See documentation on how to use Visual C++ 'Checked Iterators'
  d:\program files\microsoft visual studio\2017\community\vc\tools\msvc\14.14.26428\include\xstring(3348): note: 参见“std::basic_string<char,std::char_traits<char>,std::allocator<char>>::copy”的声明
d:\la\c++\大一下\选课系统数据库(流畅负责)\选课系统数据库\dboperate.cpp(360): warning C4267: “初始化”: 从“size_t”转换到“int”，可能丢失数据
d:\la\c++\大一下\选课系统数据库(流畅负责)\选课系统数据库\dboperate.cpp(362): error C4996: 'std::basic_string<char,std::char_traits<char>,std::allocator<char>>::copy': Call to 'std::basic_string::copy' with parameters that may be unsafe - this call relies on the caller to check that the passed values are correct. To disable this warning, use -D_SCL_SECURE_NO_WARNINGS. See documentation on how to use Visual C++ 'Checked Iterators'
  d:\program files\microsoft visual studio\2017\community\vc\tools\msvc\14.14.26428\include\xstring(3348): note: 参见“std::basic_string<char,std::char_traits<char>,std::allocator<char>>::copy”的声明
d:\la\c++\大一下\选课系统数据库(流畅负责)\选课系统数据库\dboperate.cpp(448): warning C4267: “初始化”: 从“size_t”转换到“int”，可能丢失数据
d:\la\c++\大一下\选课系统数据库(流畅负责)\选课系统数据库\dboperate.cpp(453): warning C4267: “=”: 从“size_t”转换到“int”，可能丢失数据
d:\la\c++\大一下\选课系统数据库(流畅负责)\选课系统数据库\dboperate.cpp(450): error C4996: 'std::basic_string<char,std::char_traits<char>,std::allocator<char>>::copy': Call to 'std::basic_string::copy' with parameters that may be unsafe - this call relies on the caller to check that the passed values are correct. To disable this warning, use -D_SCL_SECURE_NO_WARNINGS. See documentation on how to use Visual C++ 'Checked Iterators'
  d:\program files\microsoft visual studio\2017\community\vc\tools\msvc\14.14.26428\include\xstring(3348): note: 参见“std::basic_string<char,std::char_traits<char>,std::allocator<char>>::copy”的声明
d:\la\c++\大一下\选课系统数据库(流畅负责)\选课系统数据库\dboperate.cpp(455): error C4996: 'std::basic_string<char,std::char_traits<char>,std::allocator<char>>::copy': Call to 'std::basic_string::copy' with parameters that may be unsafe - this call relies on the caller to check that the passed values are correct. To disable this warning, use -D_SCL_SECURE_NO_WARNINGS. See documentation on how to use Visual C++ 'Checked Iterators'
  d:\program files\microsoft visual studio\2017\community\vc\tools\msvc\14.14.26428\include\xstring(3348): note: 参见“std::basic_string<char,std::char_traits<char>,std::allocator<char>>::copy”的声明
d:\la\c++\大一下\选课系统数据库(流畅负责)\选课系统数据库\dboperate.cpp(610): warning C4267: “初始化”: 从“size_t”转换到“int”，可能丢失数据
d:\la\c++\大一下\选课系统数据库(流畅负责)\选课系统数据库\dboperate.cpp(615): warning C4267: “=”: 从“size_t”转换到“int”，可能丢失数据
d:\la\c++\大一下\选课系统数据库(流畅负责)\选课系统数据库\dboperate.cpp(612): error C4996: 'std::basic_string<char,std::char_traits<char>,std::allocator<char>>::copy': Call to 'std::basic_string::copy' with parameters that may be unsafe - this call relies on the caller to check that the passed values are correct. To disable this warning, use -D_SCL_SECURE_NO_WARNINGS. See documentation on how to use Visual C++ 'Checked Iterators'
  d:\program files\microsoft visual studio\2017\community\vc\tools\msvc\14.14.26428\include\xstring(3348): note: 参见“std::basic_string<char,std::char_traits<char>,std::allocator<char>>::copy”的声明
d:\la\c++\大一下\选课系统数据库(流畅负责)\选课系统数据库\dboperate.cpp(617): error C4996: 'std::basic_string<char,std::char_traits<char>,std::allocator<char>>::copy': Call to 'std::basic_string::copy' with parameters that may be unsafe - this call relies on the caller to check that the passed values are correct. To disable this warning, use -D_SCL_SECURE_NO_WARNINGS. See documentation on how to use Visual C++ 'Checked Iterators'
  d:\program files\microsoft visual studio\2017\community\vc\tools\msvc\14.14.26428\include\xstring(3348): note: 参见“std::basic_string<char,std::char_traits<char>,std::allocator<char>>::copy”的声明
d:\la\c++\大一下\选课系统数据库(流畅负责)\选课系统数据库\dboperate.cpp(755): warning C4267: “初始化”: 从“size_t”转换到“int”，可能丢失数据
d:\la\c++\大一下\选课系统数据库(流畅负责)\选课系统数据库\dboperate.cpp(760): warning C4267: “=”: 从“size_t”转换到“int”，可能丢失数据
d:\la\c++\大一下\选课系统数据库(流畅负责)\选课系统数据库\dboperate.cpp(757): error C4996: 'std::basic_string<char,std::char_traits<char>,std::allocator<char>>::copy': Call to 'std::basic_string::copy' with parameters that may be unsafe - this call relies on the caller to check that the passed values are correct. To disable this warning, use -D_SCL_SECURE_NO_WARNINGS. See documentation on how to use Visual C++ 'Checked Iterators'
  d:\program files\microsoft visual studio\2017\community\vc\tools\msvc\14.14.26428\include\xstring(3348): note: 参见“std::basic_string<char,std::char_traits<char>,std::allocator<char>>::copy”的声明
d:\la\c++\大一下\选课系统数据库(流畅负责)\选课系统数据库\dboperate.cpp(762): error C4996: 'std::basic_string<char,std::char_traits<char>,std::allocator<char>>::copy': Call to 'std::basic_string::copy' with parameters that may be unsafe - this call relies on the caller to check that the passed values are correct. To disable this warning, use -D_SCL_SECURE_NO_WARNINGS. See documentation on how to use Visual C++ 'Checked Iterators'
  d:\program files\microsoft visual studio\2017\community\vc\tools\msvc\14.14.26428\include\xstring(3348): note: 参见“std::basic_string<char,std::char_traits<char>,std::allocator<char>>::copy”的声明
